2024-11-15 20:54:13,597 [Worker-1: Loading available Gradle versions] INFO  o.e.b.c.i.u.g.PublishedGradleVersions - Gradle version information cache is up-to-date. Trying to read.
2024-11-15 20:55:22,260 [Worker-7: Launching mavenrun-503f214c-6574-4e0f-9ddf-1d75772ed86f] INFO  o.eclipse.m2e.core.internal.Bundles - getClasspathEntries(Bundle=org.eclipse.m2e.maven.runtime_3.9.900.20240824-1409 [640])
2024-11-15 20:55:22,264 [Worker-7: Launching mavenrun-503f214c-6574-4e0f-9ddf-1d75772ed86f] INFO  o.eclipse.m2e.core.internal.Bundles - 	Entry: /home/br/eclipse/plugins/org.eclipse.m2e.maven.runtime_3.9.900.20240824-1409
2024-11-15 20:55:22,264 [Worker-7: Launching mavenrun-503f214c-6574-4e0f-9ddf-1d75772ed86f] INFO  o.eclipse.m2e.core.internal.Bundles - 	Entry: /home/br/eclipse/plugins/org.eclipse.m2e.maven.runtime_3.9.900.20240824-1409/jars/aopalliance-1.0.jar
2024-11-15 20:55:22,264 [Worker-7: Launching mavenrun-503f214c-6574-4e0f-9ddf-1d75772ed86f] INFO  o.eclipse.m2e.core.internal.Bundles - 	Entry: /home/br/eclipse/plugins/org.eclipse.m2e.maven.runtime_3.9.900.20240824-1409/jars/guice-5.1.0.jar
2024-11-15 20:55:22,264 [Worker-7: Launching mavenrun-503f214c-6574-4e0f-9ddf-1d75772ed86f] INFO  o.eclipse.m2e.core.internal.Bundles - 	Entry: /home/br/eclipse/plugins/org.eclipse.m2e.maven.runtime_3.9.900.20240824-1409/jars/httpclient-4.5.14.jar
2024-11-15 20:55:22,264 [Worker-7: Launching mavenrun-503f214c-6574-4e0f-9ddf-1d75772ed86f] INFO  o.eclipse.m2e.core.internal.Bundles - 	Entry: /home/br/eclipse/plugins/org.eclipse.m2e.maven.runtime_3.9.900.20240824-1409/jars/httpcore-4.4.16.jar
2024-11-15 20:55:22,264 [Worker-7: Launching mavenrun-503f214c-6574-4e0f-9ddf-1d75772ed86f] INFO  o.eclipse.m2e.core.internal.Bundles - 	Entry: /home/br/eclipse/plugins/org.eclipse.m2e.maven.runtime_3.9.900.20240824-1409/jars/jansi-2.4.1.jar
2024-11-15 20:55:22,265 [Worker-7: Launching mavenrun-503f214c-6574-4e0f-9ddf-1d75772ed86f] INFO  o.eclipse.m2e.core.internal.Bundles - 	Entry: /home/br/eclipse/plugins/org.eclipse.m2e.maven.runtime_3.9.900.20240824-1409/jars/jcl-over-slf4j-1.7.36.jar
2024-11-15 20:55:22,265 [Worker-7: Launching mavenrun-503f214c-6574-4e0f-9ddf-1d75772ed86f] INFO  o.eclipse.m2e.core.internal.Bundles - 	Entry: /home/br/eclipse/plugins/org.eclipse.m2e.maven.runtime_3.9.900.20240824-1409/jars/maven-artifact-3.9.9.jar
2024-11-15 20:55:22,265 [Worker-7: Launching mavenrun-503f214c-6574-4e0f-9ddf-1d75772ed86f] INFO  o.eclipse.m2e.core.internal.Bundles - 	Entry: /home/br/eclipse/plugins/org.eclipse.m2e.maven.runtime_3.9.900.20240824-1409/jars/maven-builder-support-3.9.9.jar
2024-11-15 20:55:22,265 [Worker-7: Launching mavenrun-503f214c-6574-4e0f-9ddf-1d75772ed86f] INFO  o.eclipse.m2e.core.internal.Bundles - 	Entry: /home/br/eclipse/plugins/org.eclipse.m2e.maven.runtime_3.9.900.20240824-1409/jars/maven-compat-3.9.9.jar
2024-11-15 20:55:22,265 [Worker-7: Launching mavenrun-503f214c-6574-4e0f-9ddf-1d75772ed86f] INFO  o.eclipse.m2e.core.internal.Bundles - 	Entry: /home/br/eclipse/plugins/org.eclipse.m2e.maven.runtime_3.9.900.20240824-1409/jars/maven-core-3.9.9.jar
2024-11-15 20:55:22,265 [Worker-7: Launching mavenrun-503f214c-6574-4e0f-9ddf-1d75772ed86f] INFO  o.eclipse.m2e.core.internal.Bundles - 	Entry: /home/br/eclipse/plugins/org.eclipse.m2e.maven.runtime_3.9.900.20240824-1409/jars/maven-embedder-3.9.9.jar
2024-11-15 20:55:22,265 [Worker-7: Launching mavenrun-503f214c-6574-4e0f-9ddf-1d75772ed86f] INFO  o.eclipse.m2e.core.internal.Bundles - 	Entry: /home/br/eclipse/plugins/org.eclipse.m2e.maven.runtime_3.9.900.20240824-1409/jars/maven-model-3.9.9.jar
2024-11-15 20:55:22,265 [Worker-7: Launching mavenrun-503f214c-6574-4e0f-9ddf-1d75772ed86f] INFO  o.eclipse.m2e.core.internal.Bundles - 	Entry: /home/br/eclipse/plugins/org.eclipse.m2e.maven.runtime_3.9.900.20240824-1409/jars/maven-model-builder-3.9.9.jar
2024-11-15 20:55:22,265 [Worker-7: Launching mavenrun-503f214c-6574-4e0f-9ddf-1d75772ed86f] INFO  o.eclipse.m2e.core.internal.Bundles - 	Entry: /home/br/eclipse/plugins/org.eclipse.m2e.maven.runtime_3.9.900.20240824-1409/jars/maven-plugin-api-3.9.9.jar
2024-11-15 20:55:22,265 [Worker-7: Launching mavenrun-503f214c-6574-4e0f-9ddf-1d75772ed86f] INFO  o.eclipse.m2e.core.internal.Bundles - 	Entry: /home/br/eclipse/plugins/org.eclipse.m2e.maven.runtime_3.9.900.20240824-1409/jars/maven-repository-metadata-3.9.9.jar
2024-11-15 20:55:22,265 [Worker-7: Launching mavenrun-503f214c-6574-4e0f-9ddf-1d75772ed86f] INFO  o.eclipse.m2e.core.internal.Bundles - 	Entry: /home/br/eclipse/plugins/org.eclipse.m2e.maven.runtime_3.9.900.20240824-1409/jars/maven-resolver-api-1.9.22.jar
2024-11-15 20:55:22,265 [Worker-7: Launching mavenrun-503f214c-6574-4e0f-9ddf-1d75772ed86f] INFO  o.eclipse.m2e.core.internal.Bundles - 	Entry: /home/br/eclipse/plugins/org.eclipse.m2e.maven.runtime_3.9.900.20240824-1409/jars/maven-resolver-connector-basic-1.9.22.jar
2024-11-15 20:55:22,266 [Worker-7: Launching mavenrun-503f214c-6574-4e0f-9ddf-1d75772ed86f] INFO  o.eclipse.m2e.core.internal.Bundles - 	Entry: /home/br/eclipse/plugins/org.eclipse.m2e.maven.runtime_3.9.900.20240824-1409/jars/maven-resolver-impl-1.9.22.jar
2024-11-15 20:55:22,266 [Worker-7: Launching mavenrun-503f214c-6574-4e0f-9ddf-1d75772ed86f] INFO  o.eclipse.m2e.core.internal.Bundles - 	Entry: /home/br/eclipse/plugins/org.eclipse.m2e.maven.runtime_3.9.900.20240824-1409/jars/maven-resolver-named-locks-1.9.22.jar
2024-11-15 20:55:22,266 [Worker-7: Launching mavenrun-503f214c-6574-4e0f-9ddf-1d75772ed86f] INFO  o.eclipse.m2e.core.internal.Bundles - 	Entry: /home/br/eclipse/plugins/org.eclipse.m2e.maven.runtime_3.9.900.20240824-1409/jars/maven-resolver-provider-3.9.9.jar
2024-11-15 20:55:22,266 [Worker-7: Launching mavenrun-503f214c-6574-4e0f-9ddf-1d75772ed86f] INFO  o.eclipse.m2e.core.internal.Bundles - 	Entry: /home/br/eclipse/plugins/org.eclipse.m2e.maven.runtime_3.9.900.20240824-1409/jars/maven-resolver-spi-1.9.22.jar
2024-11-15 20:55:22,266 [Worker-7: Launching mavenrun-503f214c-6574-4e0f-9ddf-1d75772ed86f] INFO  o.eclipse.m2e.core.internal.Bundles - 	Entry: /home/br/eclipse/plugins/org.eclipse.m2e.maven.runtime_3.9.900.20240824-1409/jars/maven-resolver-transport-file-1.9.22.jar
2024-11-15 20:55:22,266 [Worker-7: Launching mavenrun-503f214c-6574-4e0f-9ddf-1d75772ed86f] INFO  o.eclipse.m2e.core.internal.Bundles - 	Entry: /home/br/eclipse/plugins/org.eclipse.m2e.maven.runtime_3.9.900.20240824-1409/jars/maven-resolver-transport-http-1.9.22.jar
2024-11-15 20:55:22,266 [Worker-7: Launching mavenrun-503f214c-6574-4e0f-9ddf-1d75772ed86f] INFO  o.eclipse.m2e.core.internal.Bundles - 	Entry: /home/br/eclipse/plugins/org.eclipse.m2e.maven.runtime_3.9.900.20240824-1409/jars/maven-resolver-transport-wagon-1.9.22.jar
2024-11-15 20:55:22,266 [Worker-7: Launching mavenrun-503f214c-6574-4e0f-9ddf-1d75772ed86f] INFO  o.eclipse.m2e.core.internal.Bundles - 	Entry: /home/br/eclipse/plugins/org.eclipse.m2e.maven.runtime_3.9.900.20240824-1409/jars/maven-resolver-util-1.9.22.jar
2024-11-15 20:55:22,266 [Worker-7: Launching mavenrun-503f214c-6574-4e0f-9ddf-1d75772ed86f] INFO  o.eclipse.m2e.core.internal.Bundles - 	Entry: /home/br/eclipse/plugins/org.eclipse.m2e.maven.runtime_3.9.900.20240824-1409/jars/maven-settings-3.9.9.jar
2024-11-15 20:55:22,266 [Worker-7: Launching mavenrun-503f214c-6574-4e0f-9ddf-1d75772ed86f] INFO  o.eclipse.m2e.core.internal.Bundles - 	Entry: /home/br/eclipse/plugins/org.eclipse.m2e.maven.runtime_3.9.900.20240824-1409/jars/maven-settings-builder-3.9.9.jar
2024-11-15 20:55:22,266 [Worker-7: Launching mavenrun-503f214c-6574-4e0f-9ddf-1d75772ed86f] INFO  o.eclipse.m2e.core.internal.Bundles - 	Entry: /home/br/eclipse/plugins/org.eclipse.m2e.maven.runtime_3.9.900.20240824-1409/jars/maven-shared-utils-3.4.2.jar
2024-11-15 20:55:22,266 [Worker-7: Launching mavenrun-503f214c-6574-4e0f-9ddf-1d75772ed86f] INFO  o.eclipse.m2e.core.internal.Bundles - 	Entry: /home/br/eclipse/plugins/org.eclipse.m2e.maven.runtime_3.9.900.20240824-1409/jars/org.eclipse.sisu.inject-0.9.0.M3.jar
2024-11-15 20:55:22,266 [Worker-7: Launching mavenrun-503f214c-6574-4e0f-9ddf-1d75772ed86f] INFO  o.eclipse.m2e.core.internal.Bundles - 	Entry: /home/br/eclipse/plugins/org.eclipse.m2e.maven.runtime_3.9.900.20240824-1409/jars/org.eclipse.sisu.plexus-0.9.0.M3.jar
2024-11-15 20:55:22,267 [Worker-7: Launching mavenrun-503f214c-6574-4e0f-9ddf-1d75772ed86f] INFO  o.eclipse.m2e.core.internal.Bundles - 	Entry: /home/br/eclipse/plugins/org.eclipse.m2e.maven.runtime_3.9.900.20240824-1409/jars/plexus-build-api-0.0.7.jar
2024-11-15 20:55:22,267 [Worker-7: Launching mavenrun-503f214c-6574-4e0f-9ddf-1d75772ed86f] INFO  o.eclipse.m2e.core.internal.Bundles - 	Entry: /home/br/eclipse/plugins/org.eclipse.m2e.maven.runtime_3.9.900.20240824-1409/jars/plexus-build-api-1.2.0.jar
2024-11-15 20:55:22,268 [Worker-7: Launching mavenrun-503f214c-6574-4e0f-9ddf-1d75772ed86f] INFO  o.eclipse.m2e.core.internal.Bundles - 	Entry: /home/br/eclipse/plugins/org.eclipse.m2e.maven.runtime_3.9.900.20240824-1409/jars/plexus-cipher-2.0.jar
2024-11-15 20:55:22,268 [Worker-7: Launching mavenrun-503f214c-6574-4e0f-9ddf-1d75772ed86f] INFO  o.eclipse.m2e.core.internal.Bundles - 	Entry: /home/br/eclipse/plugins/org.eclipse.m2e.maven.runtime_3.9.900.20240824-1409/jars/plexus-classworlds-2.8.0.jar
2024-11-15 20:55:22,268 [Worker-7: Launching mavenrun-503f214c-6574-4e0f-9ddf-1d75772ed86f] INFO  o.eclipse.m2e.core.internal.Bundles - 	Entry: /home/br/eclipse/plugins/org.eclipse.m2e.maven.runtime_3.9.900.20240824-1409/jars/plexus-component-annotations-2.1.0.jar
2024-11-15 20:55:22,268 [Worker-7: Launching mavenrun-503f214c-6574-4e0f-9ddf-1d75772ed86f] INFO  o.eclipse.m2e.core.internal.Bundles - 	Entry: /home/br/eclipse/plugins/org.eclipse.m2e.maven.runtime_3.9.900.20240824-1409/jars/plexus-interpolation-1.27.jar
2024-11-15 20:55:22,268 [Worker-7: Launching mavenrun-503f214c-6574-4e0f-9ddf-1d75772ed86f] INFO  o.eclipse.m2e.core.internal.Bundles - 	Entry: /home/br/eclipse/plugins/org.eclipse.m2e.maven.runtime_3.9.900.20240824-1409/jars/plexus-sec-dispatcher-2.0.jar
2024-11-15 20:55:22,268 [Worker-7: Launching mavenrun-503f214c-6574-4e0f-9ddf-1d75772ed86f] INFO  o.eclipse.m2e.core.internal.Bundles - 	Entry: /home/br/eclipse/plugins/org.eclipse.m2e.maven.runtime_3.9.900.20240824-1409/jars/plexus-utils-3.5.1.jar
2024-11-15 20:55:22,268 [Worker-7: Launching mavenrun-503f214c-6574-4e0f-9ddf-1d75772ed86f] INFO  o.eclipse.m2e.core.internal.Bundles - 	Entry: /home/br/eclipse/plugins/org.eclipse.m2e.maven.runtime_3.9.900.20240824-1409/jars/plexus-xml-3.0.1.jar
2024-11-15 20:55:22,268 [Worker-7: Launching mavenrun-503f214c-6574-4e0f-9ddf-1d75772ed86f] INFO  o.eclipse.m2e.core.internal.Bundles - 	Entry: /home/br/eclipse/plugins/org.eclipse.m2e.maven.runtime_3.9.900.20240824-1409/jars/wagon-file-3.5.3.jar
2024-11-15 20:55:22,268 [Worker-7: Launching mavenrun-503f214c-6574-4e0f-9ddf-1d75772ed86f] INFO  o.eclipse.m2e.core.internal.Bundles - 	Entry: /home/br/eclipse/plugins/org.eclipse.m2e.maven.runtime_3.9.900.20240824-1409/jars/wagon-http-3.5.3.jar
2024-11-15 20:55:22,268 [Worker-7: Launching mavenrun-503f214c-6574-4e0f-9ddf-1d75772ed86f] INFO  o.eclipse.m2e.core.internal.Bundles - 	Entry: /home/br/eclipse/plugins/org.eclipse.m2e.maven.runtime_3.9.900.20240824-1409/jars/wagon-http-shared-3.5.3.jar
2024-11-15 20:55:22,268 [Worker-7: Launching mavenrun-503f214c-6574-4e0f-9ddf-1d75772ed86f] INFO  o.eclipse.m2e.core.internal.Bundles - 	Entry: /home/br/eclipse/plugins/org.eclipse.m2e.maven.runtime_3.9.900.20240824-1409/jars/wagon-provider-api-3.5.3.jar
2024-11-15 20:55:22,271 [Worker-7: Launching mavenrun-503f214c-6574-4e0f-9ddf-1d75772ed86f] INFO  o.eclipse.m2e.core.internal.Bundles - getClasspathEntries(Bundle=com.google.guava_33.3.0.jre [16])
2024-11-15 20:55:22,271 [Worker-7: Launching mavenrun-503f214c-6574-4e0f-9ddf-1d75772ed86f] INFO  o.eclipse.m2e.core.internal.Bundles - 	Entry: /home/br/eclipse/plugins/com.google.guava_33.3.0.jre.jar
2024-11-15 20:55:22,271 [Worker-7: Launching mavenrun-503f214c-6574-4e0f-9ddf-1d75772ed86f] INFO  o.eclipse.m2e.core.internal.Bundles - getClasspathEntries(Bundle=slf4j.api_2.0.16 [1004])
2024-11-15 20:55:22,271 [Worker-7: Launching mavenrun-503f214c-6574-4e0f-9ddf-1d75772ed86f] INFO  o.eclipse.m2e.core.internal.Bundles - 	Entry: /home/br/eclipse/plugins/slf4j.api_2.0.16.jar
2024-11-15 20:55:22,271 [Worker-7: Launching mavenrun-503f214c-6574-4e0f-9ddf-1d75772ed86f] INFO  o.eclipse.m2e.core.internal.Bundles - getClasspathEntries(Bundle=jakarta.inject.jakarta.inject-api_1.0.5 [34])
2024-11-15 20:55:22,271 [Worker-7: Launching mavenrun-503f214c-6574-4e0f-9ddf-1d75772ed86f] INFO  o.eclipse.m2e.core.internal.Bundles - 	Entry: /home/br/eclipse/plugins/jakarta.inject.jakarta.inject-api_1.0.5.jar
2024-11-15 20:55:22,271 [Worker-7: Launching mavenrun-503f214c-6574-4e0f-9ddf-1d75772ed86f] INFO  o.eclipse.m2e.core.internal.Bundles - getClasspathEntries(Bundle=jakarta.annotation-api_1.3.5 [29])
2024-11-15 20:55:22,271 [Worker-7: Launching mavenrun-503f214c-6574-4e0f-9ddf-1d75772ed86f] INFO  o.eclipse.m2e.core.internal.Bundles - 	Entry: /home/br/eclipse/plugins/jakarta.annotation-api_1.3.5.jar
2024-11-15 20:55:22,271 [Worker-7: Launching mavenrun-503f214c-6574-4e0f-9ddf-1d75772ed86f] INFO  o.eclipse.m2e.core.internal.Bundles - getClasspathEntries(Bundle=org.apache.commons.cli_1.9.0 [78])
2024-11-15 20:55:22,271 [Worker-7: Launching mavenrun-503f214c-6574-4e0f-9ddf-1d75772ed86f] INFO  o.eclipse.m2e.core.internal.Bundles - 	Entry: /home/br/eclipse/plugins/org.apache.commons.cli_1.9.0.jar
2024-11-15 20:55:22,271 [Worker-7: Launching mavenrun-503f214c-6574-4e0f-9ddf-1d75772ed86f] INFO  o.eclipse.m2e.core.internal.Bundles - getClasspathEntries(Bundle=org.apache.commons.commons-codec_1.16.0 [81])
2024-11-15 20:55:22,271 [Worker-7: Launching mavenrun-503f214c-6574-4e0f-9ddf-1d75772ed86f] INFO  o.eclipse.m2e.core.internal.Bundles - 	Entry: /home/br/eclipse/plugins/org.apache.commons.commons-codec_1.16.0.jar
2024-11-15 20:55:22,272 [Worker-7: Launching mavenrun-503f214c-6574-4e0f-9ddf-1d75772ed86f] INFO  o.eclipse.m2e.core.internal.Bundles - getClasspathEntries(Bundle=com.google.guava.failureaccess_1.0.2 [17])
2024-11-15 20:55:22,272 [Worker-7: Launching mavenrun-503f214c-6574-4e0f-9ddf-1d75772ed86f] INFO  o.eclipse.m2e.core.internal.Bundles - 	Entry: /home/br/eclipse/plugins/com.google.guava.failureaccess_1.0.2.jar
2024-11-15 20:55:22,280 [Worker-7: Launching mavenrun-503f214c-6574-4e0f-9ddf-1d75772ed86f] INFO  o.e.m.i.launch.MavenLaunchDelegate - Run build in "/tmp/m2e-archetypeGenerator17281511607877703700":
2024-11-15 20:55:22,290 [Worker-7: Launching mavenrun-503f214c-6574-4e0f-9ddf-1d75772ed86f] INFO  o.e.m.i.launch.MavenLaunchDelegate -  mvn  -DarchetypeGroupId=org.apache.maven.archetypes -DarchetypeArtifactId=maven-archetype-quickstart -DarchetypeVersion=1.1 -DgroupId=BaswantraoJavaSelenium -DartifactId=BaswantraoJavaSelenium -Dversion=0.0.1-SNAPSHOT -Dpackage=BaswantraoJavaSelenium.BaswantraoJavaSelenium -DoutputDirectory=/home/br/Desktop/JavaSeleniumGitHubJenkinsIntegration -B -Dstyle.color=always -U archetype:generate
2024-11-15 20:55:32,861 [Worker-13: Creating maven-archetype-quickstart] INFO  o.e.m.c.i.p.ProjectConfigurationManager - Collecting project info '/pom.xml' /home/br/Desktop/JavaSeleniumGitHubJenkinsIntegration/BaswantraoJavaSelenium/pom.xml
2024-11-15 20:55:33,581 [Worker-13: Creating maven-archetype-quickstart] INFO  o.e.m.c.i.l.LifecycleMappingFactory - Using org.eclipse.m2e.jdt.JarLifecycleMapping lifecycle mapping for MavenProject: BaswantraoJavaSelenium:BaswantraoJavaSelenium:0.0.1-SNAPSHOT @ /home/br/Desktop/JavaSeleniumGitHubJenkinsIntegration/BaswantraoJavaSelenium/pom.xml.
2024-11-15 20:55:34,215 [Worker-13: Creating maven-archetype-quickstart] INFO  o.e.m.j.i.AbstractJavaProjectConfigurator - Adding source folder /BaswantraoJavaSelenium/src/main/java
2024-11-15 20:55:34,216 [Worker-13: Creating maven-archetype-quickstart] INFO  o.e.m.j.i.AbstractJavaProjectConfigurator - Adding resource folder /BaswantraoJavaSelenium/src/main/resources
2024-11-15 20:55:34,219 [Worker-13: Creating maven-archetype-quickstart] INFO  o.e.m.j.i.AbstractJavaProjectConfigurator - Adding source folder /BaswantraoJavaSelenium/src/test/java
2024-11-15 20:55:34,220 [Worker-13: Creating maven-archetype-quickstart] INFO  o.e.m.j.i.AbstractJavaProjectConfigurator - Adding resource folder /BaswantraoJavaSelenium/src/test/resources
2024-11-15 20:55:34,312 [Worker-13: Creating maven-archetype-quickstart] INFO  o.e.m.c.i.p.ProjectConfigurationManager - Imported and configured 1 project(s) in 1 sec
2024-11-15 20:55:35,599 [Worker-20: Building] INFO  o.a.m.s.f.DefaultMavenResourcesFiltering - skip non existing resourceDirectory /home/br/Desktop/JavaSeleniumGitHubJenkinsIntegration/BaswantraoJavaSelenium/src/main/resources
2024-11-15 20:55:35,604 [Worker-20: Building] INFO  o.a.m.s.f.DefaultMavenResourcesFiltering - skip non existing resourceDirectory /home/br/Desktop/JavaSeleniumGitHubJenkinsIntegration/BaswantraoJavaSelenium/src/test/resources
2024-11-15 20:57:10,395 [Worker-17: Building] INFO  o.a.m.s.f.DefaultMavenResourcesFiltering - skip non existing resourceDirectory /home/br/Desktop/JavaSeleniumGitHubJenkinsIntegration/BaswantraoJavaSelenium/src/main/resources
2024-11-15 20:57:10,399 [Worker-17: Building] INFO  o.a.m.s.f.DefaultMavenResourcesFiltering - skip non existing resourceDirectory /home/br/Desktop/JavaSeleniumGitHubJenkinsIntegration/BaswantraoJavaSelenium/src/test/resources
2024-11-15 20:57:14,631 [Worker-10: Building] INFO  o.a.m.s.f.DefaultMavenResourcesFiltering - skip non existing resourceDirectory /home/br/Desktop/JavaSeleniumGitHubJenkinsIntegration/BaswantraoJavaSelenium/src/main/resources
2024-11-15 20:57:14,635 [Worker-10: Building] INFO  o.a.m.s.f.DefaultMavenResourcesFiltering - skip non existing resourceDirectory /home/br/Desktop/JavaSeleniumGitHubJenkinsIntegration/BaswantraoJavaSelenium/src/test/resources
2024-11-15 20:59:50,282 [Worker-17: Building] INFO  o.e.m.c.i.l.LifecycleMappingFactory - Using org.eclipse.m2e.jdt.JarLifecycleMapping lifecycle mapping for MavenProject: BaswantraoJavaSelenium:BaswantraoJavaSelenium:0.0.1-SNAPSHOT @ /home/br/Desktop/JavaSeleniumGitHubJenkinsIntegration/BaswantraoJavaSelenium/pom.xml.
2024-11-15 20:59:51,163 [Worker-17: Building] INFO  o.a.m.s.f.DefaultMavenResourcesFiltering - skip non existing resourceDirectory /home/br/Desktop/JavaSeleniumGitHubJenkinsIntegration/BaswantraoJavaSelenium/src/main/resources
2024-11-15 20:59:51,172 [Worker-17: Building] INFO  o.a.m.s.f.DefaultMavenResourcesFiltering - skip non existing resourceDirectory /home/br/Desktop/JavaSeleniumGitHubJenkinsIntegration/BaswantraoJavaSelenium/src/test/resources
2024-11-15 20:59:52,808 [Worker-26: Building] INFO  o.a.m.s.f.DefaultMavenResourcesFiltering - skip non existing resourceDirectory /home/br/Desktop/JavaSeleniumGitHubJenkinsIntegration/BaswantraoJavaSelenium/src/main/resources
2024-11-15 20:59:52,812 [Worker-26: Building] INFO  o.a.m.s.f.DefaultMavenResourcesFiltering - skip non existing resourceDirectory /home/br/Desktop/JavaSeleniumGitHubJenkinsIntegration/BaswantraoJavaSelenium/src/test/resources
2024-11-15 21:01:12,637 [Worker-22: Building] INFO  o.a.m.s.f.DefaultMavenResourcesFiltering - skip non existing resourceDirectory /home/br/Desktop/JavaSeleniumGitHubJenkinsIntegration/BaswantraoJavaSelenium/src/main/resources
2024-11-15 21:01:12,643 [Worker-22: Building] INFO  o.a.m.s.f.DefaultMavenResourcesFiltering - skip non existing resourceDirectory /home/br/Desktop/JavaSeleniumGitHubJenkinsIntegration/BaswantraoJavaSelenium/src/test/resources
2024-11-15 21:01:57,875 [Start Help Server] INFO  org.eclipse.jetty.server.Server - jetty-12.0.12; built: 2024-07-25T21:58:37.668Z; git: cc6f1b74db755fed228b50701ad967aeaa68e83f; jvm 21.0.4+7-LTS
2024-11-15 21:01:57,940 [Start Help Server] INFO  o.e.j.server.handler.ContextHandler - Started oeje8n.ContextHandler$CoreContextHandler@400666fa{/help,/help,b=null,a=AVAILABLE,h=oeje8n.ContextHandler$CoreContextHandler$CoreToNestedHandler@3c355fc3{STARTED}}
2024-11-15 21:01:57,941 [Start Help Server] INFO  o.e.j.s.DefaultSessionIdManager - Session workerName=node0
2024-11-15 21:01:57,952 [Start Help Server] INFO  o.e.jetty.server.AbstractConnector - Started ServerConnector@1c36a21b{HTTP/1.1, (http/1.1)}{127.0.0.1:45763}
2024-11-15 21:01:57,961 [Start Help Server] INFO  org.eclipse.jetty.server.Server - Started oejs.Server@143fa2ad{STARTING}[12.0.12,sto=0] @499847ms
2024-11-15 21:02:52,668 [Worker-25: Building] INFO  o.a.m.s.f.DefaultMavenResourcesFiltering - skip non existing resourceDirectory /home/br/Desktop/JavaSeleniumGitHubJenkinsIntegration/BaswantraoJavaSelenium/src/main/resources
2024-11-15 21:02:52,672 [Worker-25: Building] INFO  o.a.m.s.f.DefaultMavenResourcesFiltering - skip non existing resourceDirectory /home/br/Desktop/JavaSeleniumGitHubJenkinsIntegration/BaswantraoJavaSelenium/src/test/resources
2024-11-15 21:04:14,651 [Worker-15: Building] INFO  o.a.m.s.f.DefaultMavenResourcesFiltering - skip non existing resourceDirectory /home/br/Desktop/JavaSeleniumGitHubJenkinsIntegration/BaswantraoJavaSelenium/src/main/resources
2024-11-15 21:04:14,660 [Worker-15: Building] INFO  o.a.m.s.f.DefaultMavenResourcesFiltering - skip non existing resourceDirectory /home/br/Desktop/JavaSeleniumGitHubJenkinsIntegration/BaswantraoJavaSelenium/src/test/resources
2024-11-15 21:04:40,252 [Worker-22: Building] INFO  o.a.m.s.f.DefaultMavenResourcesFiltering - skip non existing resourceDirectory /home/br/Desktop/JavaSeleniumGitHubJenkinsIntegration/BaswantraoJavaSelenium/src/main/resources
2024-11-15 21:04:40,259 [Worker-22: Building] INFO  o.a.m.s.f.DefaultMavenResourcesFiltering - skip non existing resourceDirectory /home/br/Desktop/JavaSeleniumGitHubJenkinsIntegration/BaswantraoJavaSelenium/src/test/resources
2024-11-15 21:05:31,667 [Worker-26: Building] INFO  o.a.m.s.f.DefaultMavenResourcesFiltering - skip non existing resourceDirectory /home/br/Desktop/JavaSeleniumGitHubJenkinsIntegration/BaswantraoJavaSelenium/src/main/resources
2024-11-15 21:05:31,671 [Worker-26: Building] INFO  o.a.m.s.f.DefaultMavenResourcesFiltering - skip non existing resourceDirectory /home/br/Desktop/JavaSeleniumGitHubJenkinsIntegration/BaswantraoJavaSelenium/src/test/resources
2024-11-15 21:05:56,472 [Worker-17: Building] INFO  o.a.m.s.f.DefaultMavenResourcesFiltering - skip non existing resourceDirectory /home/br/Desktop/JavaSeleniumGitHubJenkinsIntegration/BaswantraoJavaSelenium/src/main/resources
2024-11-15 21:05:56,476 [Worker-17: Building] INFO  o.a.m.s.f.DefaultMavenResourcesFiltering - skip non existing resourceDirectory /home/br/Desktop/JavaSeleniumGitHubJenkinsIntegration/BaswantraoJavaSelenium/src/test/resources
2024-11-15 21:06:00,605 [Worker-17: Building] INFO  o.a.m.s.f.DefaultMavenResourcesFiltering - skip non existing resourceDirectory /home/br/Desktop/JavaSeleniumGitHubJenkinsIntegration/BaswantraoJavaSelenium/src/main/resources
2024-11-15 21:06:00,608 [Worker-17: Building] INFO  o.a.m.s.f.DefaultMavenResourcesFiltering - skip non existing resourceDirectory /home/br/Desktop/JavaSeleniumGitHubJenkinsIntegration/BaswantraoJavaSelenium/src/test/resources
2024-11-15 21:06:41,855 [Worker-25: Building] INFO  o.a.m.s.f.DefaultMavenResourcesFiltering - skip non existing resourceDirectory /home/br/Desktop/JavaSeleniumGitHubJenkinsIntegration/BaswantraoJavaSelenium/src/main/resources
2024-11-15 21:06:41,859 [Worker-25: Building] INFO  o.a.m.s.f.DefaultMavenResourcesFiltering - skip non existing resourceDirectory /home/br/Desktop/JavaSeleniumGitHubJenkinsIntegration/BaswantraoJavaSelenium/src/test/resources
2024-11-15 21:06:52,966 [Worker-15: Building] INFO  o.a.m.s.f.DefaultMavenResourcesFiltering - skip non existing resourceDirectory /home/br/Desktop/JavaSeleniumGitHubJenkinsIntegration/BaswantraoJavaSelenium/src/main/resources
2024-11-15 21:06:52,970 [Worker-15: Building] INFO  o.a.m.s.f.DefaultMavenResourcesFiltering - skip non existing resourceDirectory /home/br/Desktop/JavaSeleniumGitHubJenkinsIntegration/BaswantraoJavaSelenium/src/test/resources
2024-11-15 21:07:43,829 [Worker-15: Building] INFO  o.a.m.s.f.DefaultMavenResourcesFiltering - skip non existing resourceDirectory /home/br/Desktop/JavaSeleniumGitHubJenkinsIntegration/BaswantraoJavaSelenium/src/main/resources
2024-11-15 21:07:43,833 [Worker-15: Building] INFO  o.a.m.s.f.DefaultMavenResourcesFiltering - skip non existing resourceDirectory /home/br/Desktop/JavaSeleniumGitHubJenkinsIntegration/BaswantraoJavaSelenium/src/test/resources
2024-11-15 21:08:48,318 [Worker-27: Building] INFO  o.a.m.s.f.DefaultMavenResourcesFiltering - skip non existing resourceDirectory /home/br/Desktop/JavaSeleniumGitHubJenkinsIntegration/BaswantraoJavaSelenium/src/main/resources
2024-11-15 21:08:48,322 [Worker-27: Building] INFO  o.a.m.s.f.DefaultMavenResourcesFiltering - skip non existing resourceDirectory /home/br/Desktop/JavaSeleniumGitHubJenkinsIntegration/BaswantraoJavaSelenium/src/test/resources
2024-11-15 21:08:58,648 [Worker-26: Building] INFO  o.a.m.s.f.DefaultMavenResourcesFiltering - skip non existing resourceDirectory /home/br/Desktop/JavaSeleniumGitHubJenkinsIntegration/BaswantraoJavaSelenium/src/main/resources
2024-11-15 21:08:58,656 [Worker-26: Building] INFO  o.a.m.s.f.DefaultMavenResourcesFiltering - skip non existing resourceDirectory /home/br/Desktop/JavaSeleniumGitHubJenkinsIntegration/BaswantraoJavaSelenium/src/test/resources
2024-11-15 21:09:27,697 [Worker-27: Building] INFO  o.a.m.s.f.DefaultMavenResourcesFiltering - skip non existing resourceDirectory /home/br/Desktop/JavaSeleniumGitHubJenkinsIntegration/BaswantraoJavaSelenium/src/main/resources
2024-11-15 21:09:27,699 [Worker-27: Building] INFO  o.a.m.s.f.DefaultMavenResourcesFiltering - skip non existing resourceDirectory /home/br/Desktop/JavaSeleniumGitHubJenkinsIntegration/BaswantraoJavaSelenium/src/test/resources
2024-11-15 21:10:04,320 [Worker-22: Building] INFO  o.a.m.s.f.DefaultMavenResourcesFiltering - skip non existing resourceDirectory /home/br/Desktop/JavaSeleniumGitHubJenkinsIntegration/BaswantraoJavaSelenium/src/main/resources
2024-11-15 21:10:04,396 [Worker-22: Building] INFO  o.a.m.s.f.DefaultMavenResourcesFiltering - skip non existing resourceDirectory /home/br/Desktop/JavaSeleniumGitHubJenkinsIntegration/BaswantraoJavaSelenium/src/test/resources
2024-11-15 21:10:37,192 [Worker-23: Building] INFO  o.a.m.s.f.DefaultMavenResourcesFiltering - skip non existing resourceDirectory /home/br/Desktop/JavaSeleniumGitHubJenkinsIntegration/BaswantraoJavaSelenium/src/main/resources
2024-11-15 21:10:37,196 [Worker-23: Building] INFO  o.a.m.s.f.DefaultMavenResourcesFiltering - skip non existing resourceDirectory /home/br/Desktop/JavaSeleniumGitHubJenkinsIntegration/BaswantraoJavaSelenium/src/test/resources
2024-11-15 21:11:27,323 [Worker-15: Building] INFO  o.a.m.s.f.DefaultMavenResourcesFiltering - skip non existing resourceDirectory /home/br/Desktop/JavaSeleniumGitHubJenkinsIntegration/BaswantraoJavaSelenium/src/main/resources
2024-11-15 21:11:27,329 [Worker-15: Building] INFO  o.a.m.s.f.DefaultMavenResourcesFiltering - skip non existing resourceDirectory /home/br/Desktop/JavaSeleniumGitHubJenkinsIntegration/BaswantraoJavaSelenium/src/test/resources
2024-11-15 21:11:41,883 [Worker-26: Building] INFO  o.a.m.s.f.DefaultMavenResourcesFiltering - skip non existing resourceDirectory /home/br/Desktop/JavaSeleniumGitHubJenkinsIntegration/BaswantraoJavaSelenium/src/main/resources
2024-11-15 21:11:41,887 [Worker-26: Building] INFO  o.a.m.s.f.DefaultMavenResourcesFiltering - skip non existing resourceDirectory /home/br/Desktop/JavaSeleniumGitHubJenkinsIntegration/BaswantraoJavaSelenium/src/test/resources
2024-11-15 22:47:30,619 [main] INFO  o.e.m.jdt.internal.UnitTestSupport - Updating YahooTest from maven configuration
2024-11-15 22:48:39,513 [Worker-33: Building] INFO  o.a.m.s.f.DefaultMavenResourcesFiltering - skip non existing resourceDirectory /home/br/Desktop/JavaSeleniumGitHubJenkinsIntegration/BaswantraoJavaSelenium/src/main/resources
2024-11-15 22:48:39,518 [Worker-33: Building] INFO  o.a.m.s.f.DefaultMavenResourcesFiltering - skip non existing resourceDirectory /home/br/Desktop/JavaSeleniumGitHubJenkinsIntegration/BaswantraoJavaSelenium/src/test/resources
2024-11-15 22:48:51,773 [Worker-33: Building] INFO  o.a.m.s.f.DefaultMavenResourcesFiltering - skip non existing resourceDirectory /home/br/Desktop/JavaSeleniumGitHubJenkinsIntegration/BaswantraoJavaSelenium/src/main/resources
2024-11-15 22:48:51,783 [Worker-33: Building] INFO  o.a.m.s.f.DefaultMavenResourcesFiltering - skip non existing resourceDirectory /home/br/Desktop/JavaSeleniumGitHubJenkinsIntegration/BaswantraoJavaSelenium/src/test/resources
2024-11-15 22:49:03,788 [main] INFO  o.e.m.jdt.internal.UnitTestSupport - Updating BaswantraoJavaSelenium_testng.xml from maven configuration
2024-11-15 22:50:33,256 [Worker-35: Building] INFO  o.a.m.s.f.DefaultMavenResourcesFiltering - skip non existing resourceDirectory /home/br/Desktop/JavaSeleniumGitHubJenkinsIntegration/BaswantraoJavaSelenium/src/main/resources
2024-11-15 22:50:33,258 [Worker-35: Building] INFO  o.a.m.s.f.DefaultMavenResourcesFiltering - skip non existing resourceDirectory /home/br/Desktop/JavaSeleniumGitHubJenkinsIntegration/BaswantraoJavaSelenium/src/test/resources
2024-11-15 22:53:31,862 [Worker-36: Building] INFO  o.a.m.s.f.DefaultMavenResourcesFiltering - skip non existing resourceDirectory /home/br/Desktop/JavaSeleniumGitHubJenkinsIntegration/BaswantraoJavaSelenium/src/main/resources
2024-11-15 22:53:31,864 [Worker-36: Building] INFO  o.a.m.s.f.DefaultMavenResourcesFiltering - skip non existing resourceDirectory /home/br/Desktop/JavaSeleniumGitHubJenkinsIntegration/BaswantraoJavaSelenium/src/test/resources
2024-11-15 22:54:54,176 [main] INFO  o.e.m.jdt.internal.UnitTestSupport - Updating GoogleTest from maven configuration
2024-11-15 22:59:32,170 [Worker-39: Building] INFO  o.a.m.s.f.DefaultMavenResourcesFiltering - skip non existing resourceDirectory /home/br/Desktop/JavaSeleniumGitHubJenkinsIntegration/BaswantraoJavaSelenium/src/main/resources
2024-11-15 22:59:32,172 [Worker-39: Building] INFO  o.a.m.s.f.DefaultMavenResourcesFiltering - skip non existing resourceDirectory /home/br/Desktop/JavaSeleniumGitHubJenkinsIntegration/BaswantraoJavaSelenium/src/test/resources
2024-11-15 23:00:25,319 [Worker-40: Building] INFO  o.a.m.s.f.DefaultMavenResourcesFiltering - skip non existing resourceDirectory /home/br/Desktop/JavaSeleniumGitHubJenkinsIntegration/BaswantraoJavaSelenium/src/main/resources
2024-11-15 23:00:25,322 [Worker-40: Building] INFO  o.a.m.s.f.DefaultMavenResourcesFiltering - skip non existing resourceDirectory /home/br/Desktop/JavaSeleniumGitHubJenkinsIntegration/BaswantraoJavaSelenium/src/test/resources
2024-11-15 23:00:31,623 [Worker-41: Building] INFO  o.a.m.s.f.DefaultMavenResourcesFiltering - skip non existing resourceDirectory /home/br/Desktop/JavaSeleniumGitHubJenkinsIntegration/BaswantraoJavaSelenium/src/main/resources
2024-11-15 23:00:31,626 [Worker-41: Building] INFO  o.a.m.s.f.DefaultMavenResourcesFiltering - skip non existing resourceDirectory /home/br/Desktop/JavaSeleniumGitHubJenkinsIntegration/BaswantraoJavaSelenium/src/test/resources
2024-11-15 23:00:50,142 [Worker-38: Building] INFO  o.a.m.s.f.DefaultMavenResourcesFiltering - skip non existing resourceDirectory /home/br/Desktop/JavaSeleniumGitHubJenkinsIntegration/BaswantraoJavaSelenium/src/main/resources
2024-11-15 23:00:50,145 [Worker-38: Building] INFO  o.a.m.s.f.DefaultMavenResourcesFiltering - skip non existing resourceDirectory /home/br/Desktop/JavaSeleniumGitHubJenkinsIntegration/BaswantraoJavaSelenium/src/test/resources
2024-11-15 23:52:41,283 [Worker-42: Building] INFO  o.a.m.s.f.DefaultMavenResourcesFiltering - skip non existing resourceDirectory /home/br/Desktop/JavaSeleniumGitHubJenkinsIntegration/BaswantraoJavaSelenium/src/main/resources
2024-11-15 23:52:41,302 [Worker-42: Building] INFO  o.a.m.s.f.DefaultMavenResourcesFiltering - skip non existing resourceDirectory /home/br/Desktop/JavaSeleniumGitHubJenkinsIntegration/BaswantraoJavaSelenium/src/test/resources
2024-11-15 23:52:59,475 [Worker-46: Building] INFO  o.a.m.s.f.DefaultMavenResourcesFiltering - skip non existing resourceDirectory /home/br/Desktop/JavaSeleniumGitHubJenkinsIntegration/BaswantraoJavaSelenium/src/main/resources
2024-11-15 23:52:59,485 [Worker-46: Building] INFO  o.a.m.s.f.DefaultMavenResourcesFiltering - skip non existing resourceDirectory /home/br/Desktop/JavaSeleniumGitHubJenkinsIntegration/BaswantraoJavaSelenium/src/test/resources
2024-11-15 23:53:17,021 [Worker-49: Building] INFO  o.a.m.s.f.DefaultMavenResourcesFiltering - skip non existing resourceDirectory /home/br/Desktop/JavaSeleniumGitHubJenkinsIntegration/BaswantraoJavaSelenium/src/main/resources
2024-11-15 23:53:17,024 [Worker-49: Building] INFO  o.a.m.s.f.DefaultMavenResourcesFiltering - skip non existing resourceDirectory /home/br/Desktop/JavaSeleniumGitHubJenkinsIntegration/BaswantraoJavaSelenium/src/test/resources
2024-11-15 23:53:20,008 [Worker-49: Building] INFO  o.a.m.s.f.DefaultMavenResourcesFiltering - skip non existing resourceDirectory /home/br/Desktop/JavaSeleniumGitHubJenkinsIntegration/BaswantraoJavaSelenium/src/main/resources
2024-11-15 23:53:20,012 [Worker-49: Building] INFO  o.a.m.s.f.DefaultMavenResourcesFiltering - skip non existing resourceDirectory /home/br/Desktop/JavaSeleniumGitHubJenkinsIntegration/BaswantraoJavaSelenium/src/test/resources
2024-11-16 00:01:11,745 [Worker-53: Building] INFO  o.a.m.s.f.DefaultMavenResourcesFiltering - skip non existing resourceDirectory /home/br/Desktop/JavaSeleniumGitHubJenkinsIntegration/BaswantraoJavaSelenium/src/main/resources
2024-11-16 00:01:11,749 [Worker-53: Building] INFO  o.a.m.s.f.DefaultMavenResourcesFiltering - skip non existing resourceDirectory /home/br/Desktop/JavaSeleniumGitHubJenkinsIntegration/BaswantraoJavaSelenium/src/test/resources
2024-11-16 00:02:41,085 [Worker-48: Building] INFO  o.a.m.s.f.DefaultMavenResourcesFiltering - skip non existing resourceDirectory /home/br/Desktop/JavaSeleniumGitHubJenkinsIntegration/BaswantraoJavaSelenium/src/main/resources
2024-11-16 00:02:41,087 [Worker-48: Building] INFO  o.a.m.s.f.DefaultMavenResourcesFiltering - skip non existing resourceDirectory /home/br/Desktop/JavaSeleniumGitHubJenkinsIntegration/BaswantraoJavaSelenium/src/test/resources
2024-11-16 00:04:29,413 [Worker-57: Building] INFO  o.a.m.s.f.DefaultMavenResourcesFiltering - skip non existing resourceDirectory /home/br/Desktop/JavaSeleniumGitHubJenkinsIntegration/BaswantraoJavaSelenium/src/main/resources
2024-11-16 00:04:29,416 [Worker-57: Building] INFO  o.a.m.s.f.DefaultMavenResourcesFiltering - skip non existing resourceDirectory /home/br/Desktop/JavaSeleniumGitHubJenkinsIntegration/BaswantraoJavaSelenium/src/test/resources
2024-11-16 00:04:47,193 [Worker-57: Building] INFO  o.a.m.s.f.DefaultMavenResourcesFiltering - skip non existing resourceDirectory /home/br/Desktop/JavaSeleniumGitHubJenkinsIntegration/BaswantraoJavaSelenium/src/main/resources
2024-11-16 00:04:47,195 [Worker-57: Building] INFO  o.a.m.s.f.DefaultMavenResourcesFiltering - skip non existing resourceDirectory /home/br/Desktop/JavaSeleniumGitHubJenkinsIntegration/BaswantraoJavaSelenium/src/test/resources
2024-11-16 00:04:57,019 [Worker-57: Building] INFO  o.a.m.s.f.DefaultMavenResourcesFiltering - skip non existing resourceDirectory /home/br/Desktop/JavaSeleniumGitHubJenkinsIntegration/BaswantraoJavaSelenium/src/main/resources
2024-11-16 00:04:57,022 [Worker-57: Building] INFO  o.a.m.s.f.DefaultMavenResourcesFiltering - skip non existing resourceDirectory /home/br/Desktop/JavaSeleniumGitHubJenkinsIntegration/BaswantraoJavaSelenium/src/test/resources
